<?xml version="1.0" encoding="UTF-8"?>
<testng-results ignored="0" total="1" passed="1" failed="0" skipped="0">
  <reporter-output>
  </reporter-output>
  <suite started-at="2022-02-04T17:49:45 GMT" name="Default suite" finished-at="2022-02-04T17:50:08 GMT" duration-ms="23127">
    <groups>
    </groups>
    <test started-at="2022-02-04T17:49:45 GMT" name="Default test" finished-at="2022-02-04T17:50:08 GMT" duration-ms="23127">
      <class name="buffaloCartERP.LoginTest">
        <test-method is-config="true" signature="openingBrowser(java.lang.String)[pri:0, instance:buffaloCartERP.LoginTest@49c7b90e]" started-at="2022-02-04T17:49:45 GMT" name="openingBrowser" finished-at="2022-02-04T17:49:51 GMT" duration-ms="6009" status="PASS">
          <params>
            <param index="0">
              <value>
                <![CDATA[chrome]]>
              </value>
            </param>
          </params>
          <reporter-output>
          </reporter-output>
        </test-method> <!-- openingBrowser -->
        <test-method signature="verify_login()[pri:0, instance:buffaloCartERP.LoginTest@49c7b90e]" started-at="2022-02-04T17:49:51 GMT" name="verify_login" finished-at="2022-02-04T17:50:07 GMT" duration-ms="16109" status="PASS">
          <reporter-output>
          </reporter-output>
        </test-method> <!-- verify_login -->
        <test-method is-config="true" signature="afterMethod(org.testng.ITestResult)[pri:0, instance:buffaloCartERP.LoginTest@49c7b90e]" started-at="2022-02-04T17:50:07 GMT" name="afterMethod" finished-at="2022-02-04T17:50:08 GMT" duration-ms="523" status="PASS">
          <params>
            <param index="0">
              <value>
                <![CDATA[[TestResult name=verify_login status=SUCCESS method=LoginTest.verify_login()[pri:0, instance:buffaloCartERP.LoginTest@49c7b90e] output={null}]]]>
              </value>
            </param>
          </params>
          <reporter-output>
          </reporter-output>
        </test-method> <!-- afterMethod -->
        <test-method is-config="true" signature="closingBrowser()[pri:0, instance:buffaloCartERP.LoginTest@49c7b90e]" started-at="2022-02-04T17:50:08 GMT" name="closingBrowser" finished-at="2022-02-04T17:50:08 GMT" duration-ms="420" status="PASS">
          <reporter-output>
          </reporter-output>
        </test-method> <!-- closingBrowser -->
      </class> <!-- buffaloCartERP.LoginTest -->
    </test> <!-- Default test -->
  </suite> <!-- Default suite -->
</testng-results>
